Started GET "/" for ::1 at 2021-02-17 19:25:53 +0900
  [1m[35m (2.0ms)[0m  [1m[34mSELECT sqlite_version(*)[0m
Processing by Rails::WelcomeController#index as HTML
  Rendering /Users/yoshiokayuya/.rbenv/versions/2.7.2/lib/ruby/gems/2.7.0/gems/railties-6.1.2.1/lib/rails/templates/rails/welcome/index.html.erb
  Rendered /Users/yoshiokayuya/.rbenv/versions/2.7.2/lib/ruby/gems/2.7.0/gems/railties-6.1.2.1/lib/rails/templates/rails/welcome/index.html.erb (Duration: 8.2ms | Allocations: 1435)
Completed 200 OK in 25ms (Views: 15.3ms | ActiveRecord: 0.0ms | Allocations: 4511)


Started GET "/favicon.ico" for ::1 at 2021-02-17 19:25:53 +0900
  
ActionController::RoutingError (No route matches [GET] "/favicon.ico"):
  
  [1m[35m (1.6ms)[0m  [1m[34mSELECT sqlite_version(*)[0m
  [1m[35m (1.8ms)[0m  [1m[35mCREATE TABLE "schema_migrations" ("version" varchar NOT NULL PRIMARY KEY)[0m
  [1m[35m (1.8ms)[0m  [1m[35mCREATE TABLE "ar_internal_metadata" ("key" varchar NOT NULL PRIMARY KEY, "value" varchar, "created_at" datetime(6) NOT NULL, "updated_at" datetime(6) NOT NULL)[0m
  [1m[35m (0.2ms)[0m  [1m[34mSELECT "schema_migrations"."version" FROM "schema_migrations" ORDER BY "schema_migrations"."version" ASC[0m
Migrating to CreateTodos (20210217104542)
  [1m[36mTRANSACTION (0.1ms)[0m  [1m[36mbegin transaction[0m
  [1m[35m (0.4ms)[0m  [1m[35mCREATE TABLE "todos" ("id" integer PRIMARY KEY AUTOINCREMENT NOT NULL, "content" varchar NOT NULL, "created_at" datetime(6) NOT NULL, "updated_at" datetime(6) NOT NULL)[0m
  [1m[36mActiveRecord::SchemaMigration Create (0.3ms)[0m  [1m[32mINSERT INTO "schema_migrations" ("version") VALUES (?)[0m  [["version", "20210217104542"]]
  [1m[36mTRANSACTION (1.3ms)[0m  [1m[36mcommit transaction[0m
  [1m[36mActiveRecord::InternalMetadata Load (0.3ms)[0m  [1m[34mSELECT "ar_internal_metadata".* FROM "ar_internal_metadata" WHERE "ar_internal_metadata"."key" = ? LIMIT ?[0m  [["key", "environment"], ["LIMIT", 1]]
  [1m[36mTRANSACTION (0.1ms)[0m  [1m[36mbegin transaction[0m
  [1m[36mActiveRecord::InternalMetadata Create (0.5ms)[0m  [1m[32mINSERT INTO "ar_internal_metadata" ("key", "value", "created_at", "updated_at") VALUES (?, ?, ?, ?)[0m  [["key", "environment"], ["value", "development"], ["created_at", "2021-02-17 10:47:31.724998"], ["updated_at", "2021-02-17 10:47:31.724998"]]
  [1m[36mTRANSACTION (1.1ms)[0m  [1m[36mcommit transaction[0m
  [1m[35m (0.1ms)[0m  [1m[34mSELECT sqlite_version(*)[0m
  [1m[35m (0.2ms)[0m  [1m[34mSELECT "schema_migrations"."version" FROM "schema_migrations" ORDER BY "schema_migrations"."version" ASC[0m
Started GET "/" for ::1 at 2021-02-17 19:49:23 +0900
  [1m[35m (1.6ms)[0m  [1m[34mSELECT sqlite_version(*)[0m
  [1m[35m (0.7ms)[0m  [1m[34mSELECT "schema_migrations"."version" FROM "schema_migrations" ORDER BY "schema_migrations"."version" ASC[0m
Processing by Rails::WelcomeController#index as HTML
  Rendering /Users/yoshiokayuya/.rbenv/versions/2.7.2/lib/ruby/gems/2.7.0/gems/railties-6.1.2.1/lib/rails/templates/rails/welcome/index.html.erb
  Rendered /Users/yoshiokayuya/.rbenv/versions/2.7.2/lib/ruby/gems/2.7.0/gems/railties-6.1.2.1/lib/rails/templates/rails/welcome/index.html.erb (Duration: 6.7ms | Allocations: 294)
Completed 200 OK in 17ms (Views: 9.7ms | ActiveRecord: 0.0ms | Allocations: 2278)


Started GET "/todos/index" for ::1 at 2021-02-17 19:49:28 +0900
  
ActionController::RoutingError (No route matches [GET] "/todos/index"):
  
Started GET "/api/todos/index" for ::1 at 2021-02-17 19:49:38 +0900
  
ActionController::RoutingError (uninitialized constant Api):
  
Started GET "/api/todos/index" for ::1 at 2021-02-17 19:50:41 +0900
  
ActionController::RoutingError (uninitialized constant Api):
  
Started GET "/api/todos/index" for ::1 at 2021-02-17 19:50:43 +0900
  
ActionController::RoutingError (uninitialized constant Api):
  
Started GET "/api/todos/index" for ::1 at 2021-02-17 19:50:44 +0900
  
ActionController::RoutingError (uninitialized constant Api):
  
Started GET "/api/todos/index" for ::1 at 2021-02-17 19:50:45 +0900
  
ActionController::RoutingError (uninitialized constant Api):
  
Started GET "/api/todos/index" for ::1 at 2021-02-17 19:50:46 +0900
  
ActionController::RoutingError (uninitialized constant Api):
  
Started GET "/api/todos/index" for ::1 at 2021-02-17 19:51:11 +0900
  [1m[35m (1.9ms)[0m  [1m[34mSELECT sqlite_version(*)[0m
  [1m[35m (0.9ms)[0m  [1m[34mSELECT "schema_migrations"."version" FROM "schema_migrations" ORDER BY "schema_migrations"."version" ASC[0m
  
ActionController::RoutingError (uninitialized constant Api):
  
Started GET "/api/todos/index" for ::1 at 2021-02-17 19:51:14 +0900
  
ActionController::RoutingError (uninitialized constant Api):
  
Started GET "/api/todos" for ::1 at 2021-02-17 19:51:26 +0900
  
ActionController::RoutingError (uninitialized constant Api):
  
Started GET "/api/todos" for ::1 at 2021-02-17 19:56:57 +0900
  
NameError (uninitialized constant Api):
  
config/routes.rb:2:in `block in <main>'
config/routes.rb:1:in `<main>'
Started GET "/api/todos" for ::1 at 2021-02-17 19:58:44 +0900
  
ActionController::RoutingError (uninitialized constant Api):
  
Started GET "/api/todos" for ::1 at 2021-02-17 19:58:46 +0900
  
ActionController::RoutingError (uninitialized constant Api):
  
Started GET "/api/todos" for ::1 at 2021-02-17 19:58:47 +0900
  
ActionController::RoutingError (uninitialized constant Api):
  
Started GET "/api/todos" for ::1 at 2021-02-17 19:58:47 +0900
  
ActionController::RoutingError (uninitialized constant Api):
  
Started GET "/api/todos" for ::1 at 2021-02-17 19:58:48 +0900
  
ActionController::RoutingError (uninitialized constant Api):
  
Started GET "/api/todos" for ::1 at 2021-02-17 19:58:49 +0900
  
ActionController::RoutingError (uninitialized constant Api):
  
Started GET "/api/todos" for ::1 at 2021-02-17 19:58:49 +0900
  
ActionController::RoutingError (uninitialized constant Api):
  
Started GET "/api/todos" for ::1 at 2021-02-17 20:06:39 +0900
  [1m[35m (1.0ms)[0m  [1m[34mSELECT sqlite_version(*)[0m
  [1m[35m (0.8ms)[0m  [1m[34mSELECT "schema_migrations"."version" FROM "schema_migrations" ORDER BY "schema_migrations"."version" ASC[0m
  
ActionController::RoutingError (uninitialized constant Api):
  
Started GET "/api/todos" for ::1 at 2021-02-17 20:07:14 +0900
  
ActionController::RoutingError (uninitialized constant Api):
  
  [1m[35m (1.6ms)[0m  [1m[34mSELECT sqlite_version(*)[0m
  [1m[36mTRANSACTION (0.2ms)[0m  [1m[36mbegin transaction[0m
  [1m[36mTodo Create (1.7ms)[0m  [1m[32mINSERT INTO "todos" ("content", "created_at", "updated_at") VALUES (?, ?, ?)[0m  [["content", "AtCoder190"], ["created_at", "2021-02-17 11:08:02.751007"], ["updated_at", "2021-02-17 11:08:02.751007"]]
  [1m[36mTRANSACTION (1.7ms)[0m  [1m[36mcommit transaction[0m
  [1m[35m (0.3ms)[0m  [1m[34mSELECT COUNT(*) FROM "todos"[0m
Started GET "/api/todos" for ::1 at 2021-02-17 20:08:14 +0900
  
ActionController::RoutingError (uninitialized constant Api):
  
Started GET "/api/todos" for ::1 at 2021-02-17 20:08:15 +0900
  
ActionController::RoutingError (uninitialized constant Api):
  
Started GET "/api/todos" for ::1 at 2021-02-17 20:08:15 +0900
  
ActionController::RoutingError (uninitialized constant Api):
  
Started GET "/api/todos" for ::1 at 2021-02-17 20:09:52 +0900
  
ActionController::RoutingError (uninitialized constant Api):
  
Started GET "/api/todos" for ::1 at 2021-02-17 20:09:53 +0900
  
ActionController::RoutingError (uninitialized constant Api):
  
Started GET "/api/todos" for ::1 at 2021-02-17 20:09:54 +0900
  
ActionController::RoutingError (uninitialized constant Api):
  
Started GET "/api/todos" for ::1 at 2021-02-17 20:13:20 +0900
  
ActionController::RoutingError (uninitialized constant Api):
  
Started GET "/api/todos" for ::1 at 2021-02-17 20:13:20 +0900
  
ActionController::RoutingError (uninitialized constant Api):
  
Started GET "/todos" for ::1 at 2021-02-17 20:13:27 +0900
  
ActionController::RoutingError (No route matches [GET] "/todos"):
  
Started GET "/todos" for ::1 at 2021-02-17 20:13:37 +0900
Processing by TodosController#index as HTML
  [1m[35m (0.1ms)[0m  [1m[34mSELECT sqlite_version(*)[0m
  ↳ app/controllers/todos_controller.rb:7:in `index'
  [1m[36mTodo Load (0.7ms)[0m  [1m[34mSELECT "todos".* FROM "todos"[0m
  ↳ app/controllers/todos_controller.rb:7:in `index'
Completed 200 OK in 13ms (Views: 10.5ms | ActiveRecord: 1.7ms | Allocations: 4389)


